# JRE version: OpenJDK Runtime Environment Temurin-21.0.8+9 (21.0.8+9) (build 21.0.8+9-LTS)
# Java VM: OpenJDK 64-Bit Server VM Temurin-21.0.8+9 (21.0.8+9-LTS, mixed mode, sharing, tiered, compressed oops, compressed class ptrs, parallel gc, windows-amd64)
GC Precious Log:
 CardTable entry size: 512
 CPUs: 12 total, 12 available
 Memory: 7895M
 Large Page Support: Disabled
 NUMA Support: Disabled
 Compressed Oops: Enabled (32-bit)
 Alignments: Space 512K, Generation 512K, Heap 2M
 Heap Min Capacity: 100M
 Heap Initial Capacity: 100M
 Heap Max Capacity: 2G
 Pre-touch: Disabled
 Parallel Workers: 10
Heap:
 PSYoungGen      total 3584K, used 3296K [0x00000000d5580000, 0x00000000d5a00000, 0x0000000100000000)
  eden space 2560K, 100% used [0x00000000d5580000,0x00000000d5800000,0x00000000d5800000)
  from space 1024K, 71% used [0x00000000d5900000,0x00000000d59b8000,0x00000000d5a00000)
  to   space 1024K, 0% used [0x00000000d5800000,0x00000000d5800000,0x00000000d5900000)
 ParOldGen       total 119808K, used 119556K [0x0000000080000000, 0x0000000087500000, 0x00000000d5580000)
  object space 119808K, 99% used [0x0000000080000000,0x00000000874c10d8,0x0000000087500000)
 Metaspace       used 55571K, committed 56832K, reserved 1114112K
  class space    used 6041K, committed 6656K, reserved 1048576K
GC Heap History (20 events):
Event: 7.248 GC heap before
{Heap before GC invocations=93 (full 2):
 PSYoungGen      total 4096K, used 4085K [0x00000000d5580000, 0x00000000d6100000, 0x0000000100000000)
  eden space 2560K, 100% used [0x00000000d5580000,0x00000000d5800000,0x00000000d5800000)
  from space 1536K, 99% used [0x00000000d5b80000,0x00000000d5cfd750,0x00000000d5d00000)
  to   space 3584K, 0% used [0x00000000d5800000,0x00000000d5800000,0x00000000d5b80000)
 ParOldGen       total 114176K, used 113699K [0x0000000080000000, 0x0000000086f80000, 0x00000000d5580000)
  object space 114176K, 99% used [0x0000000080000000,0x0000000086f08e28,0x0000000086f80000)
 Metaspace       used 55201K, committed 56448K, reserved 1114112K
  class space    used 5998K, committed 6592K, reserved 1048576K
}
Event: 7.249 GC heap after
{Heap after GC invocations=93 (full 2):
 PSYoungGen      total 3072K, used 320K [0x00000000d5580000, 0x00000000d5c00000, 0x0000000100000000)
  eden space 2560K, 0% used [0x00000000d5580000,0x00000000d5580000,0x00000000d5800000)
  from space 512K, 62% used [0x00000000d5800000,0x00000000d5850000,0x00000000d5880000)
  to   space 1536K, 0% used [0x00000000d5a80000,0x00000000d5a80000,0x00000000d5c00000)
 ParOldGen       total 115200K, used 114565K [0x0000000080000000, 0x0000000087080000, 0x00000000d5580000)
  object space 115200K, 99% used [0x0000000080000000,0x0000000086fe1738,0x0000000087080000)
 Metaspace       used 55201K, committed 56448K, reserved 1114112K
  class space    used 5998K, committed 6592K, reserved 1048576K
}
Event: 7.262 GC heap before
{Heap before GC invocations=94 (full 2):
 PSYoungGen      total 3072K, used 2870K [0x00000000d5580000, 0x00000000d5c00000, 0x0000000100000000)
  eden space 2560K, 99% used [0x00000000d5580000,0x00000000d57fd810,0x00000000d5800000)
  from space 512K, 62% used [0x00000000d5800000,0x00000000d5850000,0x00000000d5880000)
  to   space 1536K, 0% used [0x00000000d5a80000,0x00000000d5a80000,0x00000000d5c00000)
 ParOldGen       total 115200K, used 114565K [0x0000000080000000, 0x0000000087080000, 0x00000000d5580000)
  object space 115200K, 99% used [0x0000000080000000,0x0000000086fe1738,0x0000000087080000)
 Metaspace       used 55202K, committed 56448K, reserved 1114112K
  class space    used 5998K, committed 6592K, reserved 1048576K
}
Event: 7.262 GC heap after
{Heap after GC invocations=94 (full 2):
 PSYoungGen      total 3584K, used 638K [0x00000000d5580000, 0x00000000d5b80000, 0x0000000100000000)
  eden space 2560K, 0% used [0x00000000d5580000,0x00000000d5580000,0x00000000d5800000)
  from space 1024K, 62% used [0x00000000d5a80000,0x00000000d5b1f898,0x00000000d5b80000)
  to   space 1024K, 0% used [0x00000000d5980000,0x00000000d5980000,0x00000000d5a80000)
 ParOldGen       total 115200K, used 114715K [0x0000000080000000, 0x0000000087080000, 0x00000000d5580000)
  object space 115200K, 99% used [0x0000000080000000,0x0000000087006d40,0x0000000087080000)
 Metaspace       used 55202K, committed 56448K, reserved 1114112K
  class space    used 5998K, committed 6592K, reserved 1048576K
}
Event: 7.294 GC heap before
{Heap before GC invocations=95 (full 2):
 PSYoungGen      total 3584K, used 3198K [0x00000000d5580000, 0x00000000d5b80000, 0x0000000100000000)
  eden space 2560K, 100% used [0x00000000d5580000,0x00000000d5800000,0x00000000d5800000)
  from space 1024K, 62% used [0x00000000d5a80000,0x00000000d5b1f898,0x00000000d5b80000)
  to   space 1024K, 0% used [0x00000000d5980000,0x00000000d5980000,0x00000000d5a80000)
 ParOldGen       total 115200K, used 114715K [0x0000000080000000, 0x0000000087080000, 0x00000000d5580000)
  object space 115200K, 99% used [0x0000000080000000,0x0000000087006d40,0x0000000087080000)
 Metaspace       used 55204K, committed 56448K, reserved 1114112K
  class space    used 5998K, committed 6592K, reserved 1048576K
}
Event: 7.296 GC heap after
{Heap after GC invocations=95 (full 2):
 PSYoungGen      total 3584K, used 921K [0x00000000d5580000, 0x00000000d5b00000, 0x0000000100000000)
  eden space 2560K, 0% used [0x00000000d5580000,0x00000000d5580000,0x00000000d5800000)
  from space 1024K, 90% used [0x00000000d5980000,0x00000000d5a66750,0x00000000d5a80000)
  to   space 512K, 0% used [0x00000000d5a80000,0x00000000d5a80000,0x00000000d5b00000)
 ParOldGen       total 115200K, used 115195K [0x0000000080000000, 0x0000000087080000, 0x00000000d5580000)
  object space 115200K, 99% used [0x0000000080000000,0x000000008707ed80,0x0000000087080000)
 Metaspace       used 55204K, committed 56448K, reserved 1114112K
  class space    used 5998K, committed 6592K, reserved 1048576K
}
Event: 7.303 GC heap before
{Heap before GC invocations=96 (full 2):
 PSYoungGen      total 3584K, used 3481K [0x00000000d5580000, 0x00000000d5b00000, 0x0000000100000000)
  eden space 2560K, 100% used [0x00000000d5580000,0x00000000d5800000,0x00000000d5800000)
  from space 1024K, 90% used [0x00000000d5980000,0x00000000d5a66750,0x00000000d5a80000)
  to   space 512K, 0% used [0x00000000d5a80000,0x00000000d5a80000,0x00000000d5b00000)
 ParOldGen       total 115200K, used 115195K [0x0000000080000000, 0x0000000087080000, 0x00000000d5580000)
  object space 115200K, 99% used [0x0000000080000000,0x000000008707ed80,0x0000000087080000)
 Metaspace       used 55204K, committed 56448K, reserved 1114112K
  class space    used 5998K, committed 6592K, reserved 1048576K
}
Event: 7.304 GC heap after
{Heap after GC invocations=96 (full 2):
 PSYoungGen      total 3072K, used 489K [0x00000000d5580000, 0x00000000d5b00000, 0x0000000100000000)
  eden space 2560K, 0% used [0x00000000d5580000,0x00000000d5580000,0x00000000d5800000)
  from space 512K, 95% used [0x00000000d5a80000,0x00000000d5afa4d0,0x00000000d5b00000)
  to   space 1536K, 0% used [0x00000000d5800000,0x00000000d5800000,0x00000000d5980000)
 ParOldGen       total 116224K, used 116029K [0x0000000080000000, 0x0000000087180000, 0x00000000d5580000)
  object space 116224K, 99% used [0x0000000080000000,0x000000008714f7d0,0x0000000087180000)
 Metaspace       used 55204K, committed 56448K, reserved 1114112K
  class space    used 5998K, committed 6592K, reserved 1048576K
}
Event: 7.328 GC heap before
{Heap before GC invocations=97 (full 2):
 PSYoungGen      total 3072K, used 3049K [0x00000000d5580000, 0x00000000d5b00000, 0x0000000100000000)
  eden space 2560K, 100% used [0x00000000d5580000,0x00000000d5800000,0x00000000d5800000)
  from space 512K, 95% used [0x00000000d5a80000,0x00000000d5afa4d0,0x00000000d5b00000)
  to   space 1536K, 0% used [0x00000000d5800000,0x00000000d5800000,0x00000000d5980000)
 ParOldGen       total 116224K, used 116029K [0x0000000080000000, 0x0000000087180000, 0x00000000d5580000)
  object space 116224K, 99% used [0x0000000080000000,0x000000008714f7d0,0x0000000087180000)
 Metaspace       used 55204K, committed 56448K, reserved 1114112K
  class space    used 5998K, committed 6592K, reserved 1048576K
}
Event: 7.329 GC heap after
{Heap after GC invocations=97 (full 2):
 PSYoungGen      total 4096K, used 1048K [0x00000000d5580000, 0x00000000d5b00000, 0x0000000100000000)
  eden space 2560K, 0% used [0x00000000d5580000,0x00000000d5580000,0x00000000d5800000)
  from space 1536K, 68% used [0x00000000d5800000,0x00000000d5906080,0x00000000d5980000)
  to   space 1536K, 0% used [0x00000000d5980000,0x00000000d5980000,0x00000000d5b00000)
 ParOldGen       total 116736K, used 116473K [0x0000000080000000, 0x0000000087200000, 0x00000000d5580000)
  object space 116736K, 99% used [0x0000000080000000,0x00000000871be778,0x0000000087200000)
 Metaspace       used 55204K, committed 56448K, reserved 1114112K
  class space    used 5998K, committed 6592K, reserved 1048576K
}
Event: 7.343 GC heap before
{Heap before GC invocations=98 (full 2):
 PSYoungGen      total 4096K, used 3608K [0x00000000d5580000, 0x00000000d5b00000, 0x0000000100000000)
  eden space 2560K, 100% used [0x00000000d5580000,0x00000000d5800000,0x00000000d5800000)
  from space 1536K, 68% used [0x00000000d5800000,0x00000000d5906080,0x00000000d5980000)
  to   space 1536K, 0% used [0x00000000d5980000,0x00000000d5980000,0x00000000d5b00000)
 ParOldGen       total 116736K, used 116473K [0x0000000080000000, 0x0000000087200000, 0x00000000d5580000)
  object space 116736K, 99% used [0x0000000080000000,0x00000000871be778,0x0000000087200000)
 Metaspace       used 55234K, committed 56512K, reserved 1114112K
  class space    used 6003K, committed 6592K, reserved 1048576K
}
Event: 7.346 GC heap after
{Heap after GC invocations=98 (full 2):
 PSYoungGen      total 3584K, used 606K [0x00000000d5580000, 0x00000000d5a80000, 0x0000000100000000)
  eden space 2560K, 0% used [0x00000000d5580000,0x00000000d5580000,0x00000000d5800000)
  from space 1024K, 59% used [0x00000000d5980000,0x00000000d5a17bc0,0x00000000d5a80000)
  to   space 1024K, 0% used [0x00000000d5880000,0x00000000d5880000,0x00000000d5980000)
 ParOldGen       total 117248K, used 117237K [0x0000000080000000, 0x0000000087280000, 0x00000000d5580000)
  object space 117248K, 99% used [0x0000000080000000,0x000000008727d428,0x0000000087280000)
 Metaspace       used 55234K, committed 56512K, reserved 1114112K
  class space    used 6003K, committed 6592K, reserved 1048576K
}
Event: 7.373 GC heap before
{Heap before GC invocations=99 (full 2):
 PSYoungGen      total 3584K, used 3166K [0x00000000d5580000, 0x00000000d5a80000, 0x0000000100000000)
  eden space 2560K, 100% used [0x00000000d5580000,0x00000000d5800000,0x00000000d5800000)
  from space 1024K, 59% used [0x00000000d5980000,0x00000000d5a17bc0,0x00000000d5a80000)
  to   space 1024K, 0% used [0x00000000d5880000,0x00000000d5880000,0x00000000d5980000)
 ParOldGen       total 117248K, used 117237K [0x0000000080000000, 0x0000000087280000, 0x00000000d5580000)
  object space 117248K, 99% used [0x0000000080000000,0x000000008727d428,0x0000000087280000)
 Metaspace       used 55338K, committed 56640K, reserved 1114112K
  class space    used 6012K, committed 6592K, reserved 1048576K
}
Event: 7.374 GC heap after
{Heap after GC invocations=99 (full 2):
 PSYoungGen      total 3584K, used 640K [0x00000000d5580000, 0x00000000d5a00000, 0x0000000100000000)
  eden space 2560K, 0% used [0x00000000d5580000,0x00000000d5580000,0x00000000d5800000)
  from space 1024K, 62% used [0x00000000d5880000,0x00000000d5920010,0x00000000d5980000)
  to   space 512K, 0% used [0x00000000d5980000,0x00000000d5980000,0x00000000d5a00000)
 ParOldGen       total 117760K, used 117700K [0x0000000080000000, 0x0000000087300000, 0x00000000d5580000)
  object space 117760K, 99% used [0x0000000080000000,0x00000000872f10b8,0x0000000087300000)
 Metaspace       used 55338K, committed 56640K, reserved 1114112K
  class space    used 6012K, committed 6592K, reserved 1048576K
}
Event: 7.391 GC heap before
{Heap before GC invocations=100 (full 2):
 PSYoungGen      total 3584K, used 3200K [0x00000000d5580000, 0x00000000d5a00000, 0x0000000100000000)
  eden space 2560K, 99% used [0x00000000d5580000,0x00000000d57ffff8,0x00000000d5800000)
  from space 1024K, 62% used [0x00000000d5880000,0x00000000d5920010,0x00000000d5980000)
  to   space 512K, 0% used [0x00000000d5980000,0x00000000d5980000,0x00000000d5a00000)
 ParOldGen       total 117760K, used 117700K [0x0000000080000000, 0x0000000087300000, 0x00000000d5580000)
  object space 117760K, 99% used [0x0000000080000000,0x00000000872f10b8,0x0000000087300000)
 Metaspace       used 55338K, committed 56640K, reserved 1114112K
  class space    used 6012K, committed 6592K, reserved 1048576K
}
Event: 7.392 GC heap after
{Heap after GC invocations=100 (full 2):
 PSYoungGen      total 3072K, used 512K [0x00000000d5580000, 0x00000000d5b00000, 0x0000000100000000)
  eden space 2560K, 0% used [0x00000000d5580000,0x00000000d5580000,0x00000000d5800000)
  from space 512K, 100% used [0x00000000d5980000,0x00000000d5a00000,0x00000000d5a00000)
  to   space 1536K, 0% used [0x00000000d5800000,0x00000000d5800000,0x00000000d5980000)
 ParOldGen       total 118272K, used 118260K [0x0000000080000000, 0x0000000087380000, 0x00000000d5580000)
  object space 118272K, 99% used [0x0000000080000000,0x000000008737d0c8,0x0000000087380000)
 Metaspace       used 55338K, committed 56640K, reserved 1114112K
  class space    used 6012K, committed 6592K, reserved 1048576K
}
Event: 7.407 GC heap before
{Heap before GC invocations=101 (full 2):
 PSYoungGen      total 3072K, used 3072K [0x00000000d5580000, 0x00000000d5b00000, 0x0000000100000000)
  eden space 2560K, 100% used [0x00000000d5580000,0x00000000d5800000,0x00000000d5800000)
  from space 512K, 100% used [0x00000000d5980000,0x00000000d5a00000,0x00000000d5a00000)
  to   space 1536K, 0% used [0x00000000d5800000,0x00000000d5800000,0x00000000d5980000)
 ParOldGen       total 118272K, used 118260K [0x0000000080000000, 0x0000000087380000, 0x00000000d5580000)
  object space 118272K, 99% used [0x0000000080000000,0x000000008737d0c8,0x0000000087380000)
 Metaspace       used 55338K, committed 56640K, reserved 1114112K
  class space    used 6012K, committed 6592K, reserved 1048576K
}
Event: 7.409 GC heap after
{Heap after GC invocations=101 (full 2):
 PSYoungGen      total 3584K, used 896K [0x00000000d5580000, 0x00000000d5a00000, 0x0000000100000000)
  eden space 2560K, 0% used [0x00000000d5580000,0x00000000d5580000,0x00000000d5800000)
  from space 1024K, 87% used [0x00000000d5800000,0x00000000d58e0010,0x00000000d5900000)
  to   space 1024K, 0% used [0x00000000d5900000,0x00000000d5900000,0x00000000d5a00000)
 ParOldGen       total 118784K, used 118772K [0x0000000080000000, 0x0000000087400000, 0x00000000d5580000)
  object space 118784K, 99% used [0x0000000080000000,0x00000000873fd0c8,0x0000000087400000)
 Metaspace       used 55338K, committed 56640K, reserved 1114112K
  class space    used 6012K, committed 6592K, reserved 1048576K
}
Event: 7.431 GC heap before
{Heap before GC invocations=102 (full 2):
 PSYoungGen      total 3584K, used 3456K [0x00000000d5580000, 0x00000000d5a00000, 0x0000000100000000)
  eden space 2560K, 100% used [0x00000000d5580000,0x00000000d5800000,0x00000000d5800000)
  from space 1024K, 87% used [0x00000000d5800000,0x00000000d58e0010,0x00000000d5900000)
  to   space 1024K, 0% used [0x00000000d5900000,0x00000000d5900000,0x00000000d5a00000)
 ParOldGen       total 118784K, used 118772K [0x0000000080000000, 0x0000000087400000, 0x00000000d5580000)
  object space 118784K, 99% used [0x0000000080000000,0x00000000873fd0c8,0x0000000087400000)
 Metaspace       used 55398K, committed 56640K, reserved 1114112K
  class space    used 6018K, committed 6592K, reserved 1048576K
}
Event: 7.433 GC heap after
{Heap after GC invocations=102 (full 2):
 PSYoungGen      total 3584K, used 736K [0x00000000d5580000, 0x00000000d5a00000, 0x0000000100000000)
  eden space 2560K, 0% used [0x00000000d5580000,0x00000000d5580000,0x00000000d5800000)
  from space 1024K, 71% used [0x00000000d5900000,0x00000000d59b8000,0x00000000d5a00000)
  to   space 1024K, 0% used [0x00000000d5800000,0x00000000d5800000,0x00000000d5900000)
 ParOldGen       total 119808K, used 119556K [0x0000000080000000, 0x0000000087500000, 0x00000000d5580000)
  object space 119808K, 99% used [0x0000000080000000,0x00000000874c10d8,0x0000000087500000)
 Metaspace       used 55398K, committed 56640K, reserved 1114112K
  class space    used 6018K, committed 6592K, reserved 1048576K
}

