# JRE version: OpenJDK Runtime Environment Temurin-21.0.8+9 (21.0.8+9) (build 21.0.8+9-LTS)
# Java VM: OpenJDK 64-Bit Server VM Temurin-21.0.8+9 (21.0.8+9-LTS, mixed mode, sharing, tiered, compressed oops, compressed class ptrs, parallel gc, windows-amd64)
GC Precious Log:
 CardTable entry size: 512
 CPUs: 12 total, 12 available
 Memory: 7895M
 Large Page Support: Disabled
 NUMA Support: Disabled
 Compressed Oops: Enabled (32-bit)
 Alignments: Space 512K, Generation 512K, Heap 2M
 Heap Min Capacity: 100M
 Heap Initial Capacity: 100M
 Heap Max Capacity: 2G
 Pre-touch: Disabled
 Parallel Workers: 10
Heap:
 PSYoungGen      total 10240K, used 10236K [0x00000000d5580000, 0x00000000d6280000, 0x0000000100000000)
  eden space 9216K, 100% used [0x00000000d5580000,0x00000000d5e80000,0x00000000d5e80000)
  from space 1024K, 99% used [0x00000000d6180000,0x00000000d627f148,0x00000000d6280000)
  to   space 1536K, 21% used [0x00000000d5f80000,0x00000000d5fd3000,0x00000000d6100000)
 ParOldGen       total 472576K, used 472203K [0x0000000080000000, 0x000000009cd80000, 0x00000000d5580000)
  object space 472576K, 99% used [0x0000000080000000,0x000000009cd24e00,0x000000009cd80000)
 Metaspace       used 71274K, committed 72832K, reserved 1114112K
  class space    used 7446K, committed 8192K, reserved 1048576K
GC Heap History (20 events):
Event: 16.929 GC heap before
{Heap before GC invocations=929 (full 3):
 PSYoungGen      total 10240K, used 9952K [0x00000000d5580000, 0x00000000d6080000, 0x0000000100000000)
  eden space 9216K, 100% used [0x00000000d5580000,0x00000000d5e80000,0x00000000d5e80000)
  from space 1024K, 71% used [0x00000000d5e80000,0x00000000d5f38000,0x00000000d5f80000)
  to   space 1024K, 0% used [0x00000000d5f80000,0x00000000d5f80000,0x00000000d6080000)
 ParOldGen       total 461312K, used 461181K [0x0000000080000000, 0x000000009c280000, 0x00000000d5580000)
  object space 461312K, 99% used [0x0000000080000000,0x000000009c25f720,0x000000009c280000)
 Metaspace       used 71195K, committed 72768K, reserved 1114112K
  class space    used 7443K, committed 8192K, reserved 1048576K
}
Event: 16.931 GC heap after
{Heap after GC invocations=929 (full 3):
 PSYoungGen      total 10240K, used 656K [0x00000000d5580000, 0x00000000d6080000, 0x0000000100000000)
  eden space 9216K, 0% used [0x00000000d5580000,0x00000000d5580000,0x00000000d5e80000)
  from space 1024K, 64% used [0x00000000d5f80000,0x00000000d6024010,0x00000000d6080000)
  to   space 1024K, 0% used [0x00000000d5e80000,0x00000000d5e80000,0x00000000d5f80000)
 ParOldGen       total 461824K, used 461667K [0x0000000080000000, 0x000000009c300000, 0x00000000d5580000)
  object space 461824K, 99% used [0x0000000080000000,0x000000009c2d8d30,0x000000009c300000)
 Metaspace       used 71195K, committed 72768K, reserved 1114112K
  class space    used 7443K, committed 8192K, reserved 1048576K
}
Event: 16.940 GC heap before
{Heap before GC invocations=930 (full 3):
 PSYoungGen      total 10240K, used 9872K [0x00000000d5580000, 0x00000000d6080000, 0x0000000100000000)
  eden space 9216K, 100% used [0x00000000d5580000,0x00000000d5e80000,0x00000000d5e80000)
  from space 1024K, 64% used [0x00000000d5f80000,0x00000000d6024010,0x00000000d6080000)
  to   space 1024K, 0% used [0x00000000d5e80000,0x00000000d5e80000,0x00000000d5f80000)
 ParOldGen       total 461824K, used 461667K [0x0000000080000000, 0x000000009c300000, 0x00000000d5580000)
  object space 461824K, 99% used [0x0000000080000000,0x000000009c2d8d30,0x000000009c300000)
 Metaspace       used 71201K, committed 72768K, reserved 1114112K
  class space    used 7443K, committed 8192K, reserved 1048576K
}
Event: 16.941 GC heap after
{Heap after GC invocations=930 (full 3):
 PSYoungGen      total 10240K, used 781K [0x00000000d5580000, 0x00000000d6080000, 0x0000000100000000)
  eden space 9216K, 0% used [0x00000000d5580000,0x00000000d5580000,0x00000000d5e80000)
  from space 1024K, 76% used [0x00000000d5e80000,0x00000000d5f43738,0x00000000d5f80000)
  to   space 1024K, 0% used [0x00000000d5f80000,0x00000000d5f80000,0x00000000d6080000)
 ParOldGen       total 462336K, used 462075K [0x0000000080000000, 0x000000009c380000, 0x00000000d5580000)
  object space 462336K, 99% used [0x0000000080000000,0x000000009c33ed40,0x000000009c380000)
 Metaspace       used 71201K, committed 72768K, reserved 1114112K
  class space    used 7443K, committed 8192K, reserved 1048576K
}
Event: 16.956 GC heap before
{Heap before GC invocations=931 (full 3):
 PSYoungGen      total 10240K, used 9997K [0x00000000d5580000, 0x00000000d6080000, 0x0000000100000000)
  eden space 9216K, 100% used [0x00000000d5580000,0x00000000d5e80000,0x00000000d5e80000)
  from space 1024K, 76% used [0x00000000d5e80000,0x00000000d5f43738,0x00000000d5f80000)
  to   space 1024K, 0% used [0x00000000d5f80000,0x00000000d5f80000,0x00000000d6080000)
 ParOldGen       total 462336K, used 462075K [0x0000000080000000, 0x000000009c380000, 0x00000000d5580000)
  object space 462336K, 99% used [0x0000000080000000,0x000000009c33ed40,0x000000009c380000)
 Metaspace       used 71209K, committed 72768K, reserved 1114112K
  class space    used 7443K, committed 8192K, reserved 1048576K
}
Event: 16.957 GC heap after
{Heap after GC invocations=931 (full 3):
 PSYoungGen      total 10240K, used 914K [0x00000000d5580000, 0x00000000d6080000, 0x0000000100000000)
  eden space 9216K, 0% used [0x00000000d5580000,0x00000000d5580000,0x00000000d5e80000)
  from space 1024K, 89% used [0x00000000d5f80000,0x00000000d6064928,0x00000000d6080000)
  to   space 1024K, 0% used [0x00000000d5e80000,0x00000000d5e80000,0x00000000d5f80000)
 ParOldGen       total 462848K, used 462483K [0x0000000080000000, 0x000000009c400000, 0x00000000d5580000)
  object space 462848K, 99% used [0x0000000080000000,0x000000009c3a4d50,0x000000009c400000)
 Metaspace       used 71209K, committed 72768K, reserved 1114112K
  class space    used 7443K, committed 8192K, reserved 1048576K
}
Event: 16.964 GC heap before
{Heap before GC invocations=932 (full 3):
 PSYoungGen      total 10240K, used 10130K [0x00000000d5580000, 0x00000000d6080000, 0x0000000100000000)
  eden space 9216K, 100% used [0x00000000d5580000,0x00000000d5e80000,0x00000000d5e80000)
  from space 1024K, 89% used [0x00000000d5f80000,0x00000000d6064928,0x00000000d6080000)
  to   space 1024K, 0% used [0x00000000d5e80000,0x00000000d5e80000,0x00000000d5f80000)
 ParOldGen       total 462848K, used 462483K [0x0000000080000000, 0x000000009c400000, 0x00000000d5580000)
  object space 462848K, 99% used [0x0000000080000000,0x000000009c3a4d50,0x000000009c400000)
 Metaspace       used 71210K, committed 72768K, reserved 1114112K
  class space    used 7443K, committed 8192K, reserved 1048576K
}
Event: 16.966 GC heap after
{Heap after GC invocations=932 (full 3):
 PSYoungGen      total 10240K, used 992K [0x00000000d5580000, 0x00000000d6280000, 0x0000000100000000)
  eden space 9216K, 0% used [0x00000000d5580000,0x00000000d5580000,0x00000000d5e80000)
  from space 1024K, 96% used [0x00000000d5e80000,0x00000000d5f78138,0x00000000d5f80000)
  to   space 2048K, 0% used [0x00000000d6080000,0x00000000d6080000,0x00000000d6280000)
 ParOldGen       total 463360K, used 463152K [0x0000000080000000, 0x000000009c480000, 0x00000000d5580000)
  object space 463360K, 99% used [0x0000000080000000,0x000000009c44c010,0x000000009c480000)
 Metaspace       used 71210K, committed 72768K, reserved 1114112K
  class space    used 7443K, committed 8192K, reserved 1048576K
}
Event: 16.974 GC heap before
{Heap before GC invocations=933 (full 3):
 PSYoungGen      total 10240K, used 10208K [0x00000000d5580000, 0x00000000d6280000, 0x0000000100000000)
  eden space 9216K, 100% used [0x00000000d5580000,0x00000000d5e80000,0x00000000d5e80000)
  from space 1024K, 96% used [0x00000000d5e80000,0x00000000d5f78138,0x00000000d5f80000)
  to   space 2048K, 0% used [0x00000000d6080000,0x00000000d6080000,0x00000000d6280000)
 ParOldGen       total 463360K, used 463152K [0x0000000080000000, 0x000000009c480000, 0x00000000d5580000)
  object space 463360K, 99% used [0x0000000080000000,0x000000009c44c010,0x000000009c480000)
 Metaspace       used 71212K, committed 72768K, reserved 1114112K
  class space    used 7443K, committed 8192K, reserved 1048576K
}
Event: 16.976 GC heap after
{Heap after GC invocations=933 (full 3):
 PSYoungGen      total 11264K, used 1713K [0x00000000d5580000, 0x00000000d6280000, 0x0000000100000000)
  eden space 9216K, 0% used [0x00000000d5580000,0x00000000d5580000,0x00000000d5e80000)
  from space 2048K, 83% used [0x00000000d6080000,0x00000000d622c768,0x00000000d6280000)
  to   space 2048K, 0% used [0x00000000d5e80000,0x00000000d5e80000,0x00000000d6080000)
 ParOldGen       total 464384K, used 463970K [0x0000000080000000, 0x000000009c580000, 0x00000000d5580000)
  object space 464384K, 99% used [0x0000000080000000,0x000000009c518b60,0x000000009c580000)
 Metaspace       used 71212K, committed 72768K, reserved 1114112K
  class space    used 7443K, committed 8192K, reserved 1048576K
}
Event: 16.983 GC heap before
{Heap before GC invocations=934 (full 3):
 PSYoungGen      total 11264K, used 10929K [0x00000000d5580000, 0x00000000d6280000, 0x0000000100000000)
  eden space 9216K, 100% used [0x00000000d5580000,0x00000000d5e80000,0x00000000d5e80000)
  from space 2048K, 83% used [0x00000000d6080000,0x00000000d622c768,0x00000000d6280000)
  to   space 2048K, 0% used [0x00000000d5e80000,0x00000000d5e80000,0x00000000d6080000)
 ParOldGen       total 464384K, used 463970K [0x0000000080000000, 0x000000009c580000, 0x00000000d5580000)
  object space 464384K, 99% used [0x0000000080000000,0x000000009c518b60,0x000000009c580000)
 Metaspace       used 71217K, committed 72768K, reserved 1114112K
  class space    used 7443K, committed 8192K, reserved 1048576K
}
Event: 16.985 GC heap after
{Heap after GC invocations=934 (full 3):
 PSYoungGen      total 11264K, used 2030K [0x00000000d5580000, 0x00000000d6880000, 0x0000000100000000)
  eden space 9216K, 0% used [0x00000000d5580000,0x00000000d5580000,0x00000000d5e80000)
  from space 2048K, 99% used [0x00000000d5e80000,0x00000000d607bb58,0x00000000d6080000)
  to   space 5120K, 0% used [0x00000000d6380000,0x00000000d6380000,0x00000000d6880000)
 ParOldGen       total 466944K, used 466483K [0x0000000080000000, 0x000000009c800000, 0x00000000d5580000)
  object space 466944K, 99% used [0x0000000080000000,0x000000009c78ce68,0x000000009c800000)
 Metaspace       used 71217K, committed 72768K, reserved 1114112K
  class space    used 7443K, committed 8192K, reserved 1048576K
}
Event: 16.993 GC heap before
{Heap before GC invocations=935 (full 3):
 PSYoungGen      total 11264K, used 11246K [0x00000000d5580000, 0x00000000d6880000, 0x0000000100000000)
  eden space 9216K, 100% used [0x00000000d5580000,0x00000000d5e80000,0x00000000d5e80000)
  from space 2048K, 99% used [0x00000000d5e80000,0x00000000d607bb58,0x00000000d6080000)
  to   space 5120K, 0% used [0x00000000d6380000,0x00000000d6380000,0x00000000d6880000)
 ParOldGen       total 466944K, used 466483K [0x0000000080000000, 0x000000009c800000, 0x00000000d5580000)
  object space 466944K, 99% used [0x0000000080000000,0x000000009c78ce68,0x000000009c800000)
 Metaspace       used 71226K, committed 72832K, reserved 1114112K
  class space    used 7443K, committed 8192K, reserved 1048576K
}
Event: 16.995 GC heap after
{Heap after GC invocations=935 (full 3):
 PSYoungGen      total 12800K, used 3209K [0x00000000d5580000, 0x00000000d6700000, 0x0000000100000000)
  eden space 9216K, 0% used [0x00000000d5580000,0x00000000d5580000,0x00000000d5e80000)
  from space 3584K, 89% used [0x00000000d6380000,0x00000000d66a25f8,0x00000000d6700000)
  to   space 4096K, 0% used [0x00000000d5f00000,0x00000000d5f00000,0x00000000d6300000)
 ParOldGen       total 468480K, used 468067K [0x0000000080000000, 0x000000009c980000, 0x00000000d5580000)
  object space 468480K, 99% used [0x0000000080000000,0x000000009c918d48,0x000000009c980000)
 Metaspace       used 71226K, committed 72832K, reserved 1114112K
  class space    used 7443K, committed 8192K, reserved 1048576K
}
Event: 17.002 GC heap before
{Heap before GC invocations=936 (full 3):
 PSYoungGen      total 12800K, used 12425K [0x00000000d5580000, 0x00000000d6700000, 0x0000000100000000)
  eden space 9216K, 100% used [0x00000000d5580000,0x00000000d5e80000,0x00000000d5e80000)
  from space 3584K, 89% used [0x00000000d6380000,0x00000000d66a25f8,0x00000000d6700000)
  to   space 4096K, 0% used [0x00000000d5f00000,0x00000000d5f00000,0x00000000d6300000)
 ParOldGen       total 468480K, used 468067K [0x0000000080000000, 0x000000009c980000, 0x00000000d5580000)
  object space 468480K, 99% used [0x0000000080000000,0x000000009c918d48,0x000000009c980000)
 Metaspace       used 71226K, committed 72832K, reserved 1114112K
  class space    used 7443K, committed 8192K, reserved 1048576K
}
Event: 17.003 GC heap after
{Heap after GC invocations=936 (full 3):
 PSYoungGen      total 10240K, used 944K [0x00000000d5580000, 0x00000000d6400000, 0x0000000100000000)
  eden space 9216K, 0% used [0x00000000d5580000,0x00000000d5580000,0x00000000d5e80000)
  from space 1024K, 92% used [0x00000000d5f00000,0x00000000d5fec010,0x00000000d6000000)
  to   space 2048K, 0% used [0x00000000d6200000,0x00000000d6200000,0x00000000d6400000)
 ParOldGen       total 470528K, used 470107K [0x0000000080000000, 0x000000009cb80000, 0x00000000d5580000)
  object space 470528K, 99% used [0x0000000080000000,0x000000009cb16c18,0x000000009cb80000)
 Metaspace       used 71226K, committed 72832K, reserved 1114112K
  class space    used 7443K, committed 8192K, reserved 1048576K
}
Event: 17.012 GC heap before
{Heap before GC invocations=937 (full 3):
 PSYoungGen      total 10240K, used 10160K [0x00000000d5580000, 0x00000000d6400000, 0x0000000100000000)
  eden space 9216K, 100% used [0x00000000d5580000,0x00000000d5e80000,0x00000000d5e80000)
  from space 1024K, 92% used [0x00000000d5f00000,0x00000000d5fec010,0x00000000d6000000)
  to   space 2048K, 0% used [0x00000000d6200000,0x00000000d6200000,0x00000000d6400000)
 ParOldGen       total 470528K, used 470107K [0x0000000080000000, 0x000000009cb80000, 0x00000000d5580000)
  object space 470528K, 99% used [0x0000000080000000,0x000000009cb16c18,0x000000009cb80000)
 Metaspace       used 71235K, committed 72832K, reserved 1114112K
  class space    used 7445K, committed 8192K, reserved 1048576K
}
Event: 17.014 GC heap after
{Heap after GC invocations=937 (full 3):
 PSYoungGen      total 10240K, used 736K [0x00000000d5580000, 0x00000000d6300000, 0x0000000100000000)
  eden space 9216K, 0% used [0x00000000d5580000,0x00000000d5580000,0x00000000d5e80000)
  from space 1024K, 71% used [0x00000000d6200000,0x00000000d62b8000,0x00000000d6300000)
  to   space 1024K, 0% used [0x00000000d5f00000,0x00000000d5f00000,0x00000000d6000000)
 ParOldGen       total 471040K, used 470923K [0x0000000080000000, 0x000000009cc00000, 0x00000000d5580000)
  object space 471040K, 99% used [0x0000000080000000,0x000000009cbe2c28,0x000000009cc00000)
 Metaspace       used 71235K, committed 72832K, reserved 1114112K
  class space    used 7445K, committed 8192K, reserved 1048576K
}
Event: 17.023 GC heap before
{Heap before GC invocations=938 (full 3):
 PSYoungGen      total 10240K, used 9952K [0x00000000d5580000, 0x00000000d6300000, 0x0000000100000000)
  eden space 9216K, 100% used [0x00000000d5580000,0x00000000d5e80000,0x00000000d5e80000)
  from space 1024K, 71% used [0x00000000d6200000,0x00000000d62b8000,0x00000000d6300000)
  to   space 1024K, 0% used [0x00000000d5f00000,0x00000000d5f00000,0x00000000d6000000)
 ParOldGen       total 471040K, used 470923K [0x0000000080000000, 0x000000009cc00000, 0x00000000d5580000)
  object space 471040K, 99% used [0x0000000080000000,0x000000009cbe2c28,0x000000009cc00000)
 Metaspace       used 71236K, committed 72832K, reserved 1114112K
  class space    used 7445K, committed 8192K, reserved 1048576K
}
Event: 17.025 GC heap after
{Heap after GC invocations=938 (full 3):
 PSYoungGen      total 10240K, used 448K [0x00000000d5580000, 0x00000000d6280000, 0x0000000100000000)
  eden space 9216K, 0% used [0x00000000d5580000,0x00000000d5580000,0x00000000d5e80000)
  from space 1024K, 43% used [0x00000000d5f00000,0x00000000d5f70000,0x00000000d6000000)
  to   space 1024K, 0% used [0x00000000d6180000,0x00000000d6180000,0x00000000d6280000)
 ParOldGen       total 471552K, used 471531K [0x0000000080000000, 0x000000009cc80000, 0x00000000d5580000)
  object space 471552K, 99% used [0x0000000080000000,0x000000009cc7ac28,0x000000009cc80000)
 Metaspace       used 71236K, committed 72832K, reserved 1114112K
  class space    used 7445K, committed 8192K, reserved 1048576K
}

